2024-03-17 20:09:01,319 - INFO [Admin,0 Main service::run] AdminWebServer 0 up and running!
2024-03-17 20:09:01,320 - INFO [Admin,0 5 rpc::initialize] Established connection with localhost:21100 (AdminWebServer,0) (local address: 127.0.0.1:47406).
2024-03-17 20:09:01,321 - INFO [Admin,0 7 rpc::initialize] Established connection with 127.0.0.1:47406 (local address: 127.0.0.1:21100).
2024-03-17 20:09:03,254 - INFO [Admin,0 8 web::log_request] 200 GET /login?next=%2F (::1) 16.65ms
2024-03-17 20:09:11,434 - INFO [Admin,0 8 main::post] Admin logged in: 'nigga' from IP ::1.
2024-03-17 20:09:11,436 - INFO [Admin,0 8 web::log_request] 302 POST /login (::1) 267.34ms
2024-03-17 20:09:11,730 - INFO [Admin,0 8 web::log_request] 200 GET / (::1) 48.38ms
2024-03-17 20:09:12,989 - INFO [Admin,0 8 web::log_request] 200 GET /notifications?last_notification=1710706151.684143 (::1) 6.96ms
2024-03-17 20:09:18,248 - INFO [Admin,0 9 web::log_request] 200 GET /contests/add (::1) 9.07ms
2024-03-17 20:09:18,522 - INFO [Admin,0 10 web::log_request] 200 GET /notifications?last_notification=1710706158.241797 (::1) 3.44ms
2024-03-17 20:09:27,767 - INFO [Admin,0 11 web::log_request] 302 POST /contests/add (::1) 15.21ms
2024-03-17 20:09:28,045 - INFO [Admin,0 11 web::log_request] 200 GET /contest/1 (::1) 33.23ms
2024-03-17 20:09:28,432 - INFO [Admin,0 12 web::log_request] 200 GET /notifications?last_notification=1710706168.015762 (::1) 3.50ms
2024-03-17 20:09:44,881 - INFO [Admin,0 8 web::log_request] 200 GET /notifications?last_notification=1710706168.015762 (::1) 3.19ms
2024-03-17 20:09:58,450 - INFO [Admin,0 12 web::log_request] 200 GET /notifications?last_notification=1710706168.015762 (::1) 2.88ms
2024-03-17 20:10:06,739 - INFO [Admin,0 9 web::log_request] 302 POST /contest/1 (::1) 19.94ms
2024-03-17 20:10:06,989 - INFO [Admin,0 11 web::log_request] 200 GET /contest/1 (::1) 12.05ms
2024-03-17 20:10:07,369 - INFO [Admin,0 10 web::log_request] 200 GET /notifications?last_notification=1710706206.980448 (::1) 3.14ms
2024-03-17 20:10:22,868 - INFO [Admin,0 11 web::log_request] 200 GET /notifications?last_notification=1710706206.980448 (::1) 3.09ms
2024-03-17 20:10:37,402 - INFO [Admin,0 8 web::log_request] 200 GET /notifications?last_notification=1710706206.980448 (::1) 2.96ms
2024-03-17 20:10:53,241 - INFO [Admin,0 10 web::log_request] 304 GET /notifications?last_notification=1710706206.980448 (::1) 3.23ms
2024-03-17 20:11:07,717 - INFO [Admin,0 12 web::log_request] 200 GET /notifications?last_notification=1710706206.980448 (::1) 2.82ms
2024-03-17 20:11:24,271 - INFO [Admin,0 8 web::log_request] 304 GET /notifications?last_notification=1710706206.980448 (::1) 9.47ms
2024-03-17 20:11:37,407 - INFO [Admin,0 8 web::log_request] 200 GET /notifications?last_notification=1710706206.980448 (::1) 14.88ms
2024-03-17 20:11:52,760 - INFO [Admin,0 13 web::log_request] 304 GET /notifications?last_notification=1710706206.980448 (::1) 3.21ms
2024-03-17 20:12:08,187 - INFO [Admin,0 14 web::log_request] 304 GET /notifications?last_notification=1710706206.980448 (::1) 3.18ms
2024-03-17 20:12:22,491 - INFO [Admin,0 15 web::log_request] 200 GET /notifications?last_notification=1710706206.980448 (::1) 4.12ms
2024-03-17 20:12:35,411 - INFO [Admin,0 16 web::log_request] 200 GET / (::1) 7.64ms
2024-03-17 20:12:35,804 - INFO [Admin,0 15 web::log_request] 200 GET /notifications?last_notification=1710706355.406442 (::1) 6.66ms
2024-03-17 20:12:37,618 - INFO [Admin,0 17 web::log_request] 200 GET /contest/1 (::1) 12.38ms
2024-03-17 20:12:38,010 - INFO [Admin,0 8 web::log_request] 200 GET /notifications?last_notification=1710706357.609572 (::1) 2.94ms
2024-03-17 20:12:42,201 - INFO [Admin,0 15 web::log_request] 200 GET /contest/1 (::1) 10.71ms
2024-03-17 20:12:42,589 - INFO [Admin,0 14 web::log_request] 200 GET /notifications?last_notification=1710706362.193899 (::1) 2.86ms
2024-03-17 20:12:45,159 - INFO [Admin,0 15 web::log_request] 200 GET /contest/1/overview (::1) 10.05ms
2024-03-17 20:12:45,545 - INFO [Admin,0 15 web::log_request] 200 GET /notifications?last_notification=1710706365.1524 (::1) 6.07ms
2024-03-17 20:12:47,867 - INFO [Admin,0 16 web::log_request] 200 GET /contest/1/resourceslist (::1) 13.34ms
2024-03-17 20:12:48,124 - INFO [Admin,0 13 web::log_request] 200 GET /notifications?last_notification=1710706367.857409 (::1) 3.19ms
2024-03-17 20:12:49,482 - INFO [Admin,0 16 web::log_request] 200 GET /contest/1/overview (::1) 11.15ms
2024-03-17 20:12:49,885 - INFO [Admin,0 15 web::log_request] 200 GET /notifications?last_notification=1710706369.474281 (::1) 18.09ms
2024-03-17 20:12:51,963 - INFO [Admin,0 17 web::log_request] 200 GET /contest/1/overview (::1) 10.88ms
2024-03-17 20:12:52,353 - INFO [Admin,0 16 web::log_request] 200 GET /notifications?last_notification=1710706371.955435 (::1) 4.49ms
2024-03-17 20:12:54,028 - INFO [Admin,0 14 web::log_request] 200 GET /contest/1/resourceslist (::1) 9.80ms
2024-03-17 20:12:54,290 - INFO [Admin,0 17 web::log_request] 200 GET /notifications?last_notification=1710706374.021787 (::1) 3.20ms
2024-03-17 20:12:54,882 - INFO [Admin,0 15 web::log_request] 200 GET /resources/0/1 (::1) 16.88ms
2024-03-17 20:12:55,262 - INFO [Admin,0 17 web::log_request] 200 GET /notifications?last_notification=1710706374.868756 (::1) 3.92ms
2024-03-17 20:12:57,897 - INFO [Admin,0 15 web::log_request] 200 GET /contest/1 (::1) 10.92ms
2024-03-17 20:12:58,277 - INFO [Admin,0 14 web::log_request] 200 GET /notifications?last_notification=1710706377.889792 (::1) 2.81ms
2024-03-17 20:12:58,879 - INFO [Admin,0 17 web::log_request] 200 GET /contest/1/ranking (::1) 34.13ms
2024-03-17 20:12:59,146 - INFO [Admin,0 8 web::log_request] 200 GET /notifications?last_notification=1710706378.862973 (::1) 2.91ms
2024-03-17 20:12:59,875 - INFO [Admin,0 15 web::log_request] 200 GET /contest/1/submissions (::1) 24.47ms
2024-03-17 20:13:00,149 - INFO [Admin,0 8 web::log_request] 200 GET /notifications?last_notification=1710706379.857816 (::1) 3.51ms
2024-03-17 20:13:00,821 - INFO [Admin,0 8 web::log_request] 200 GET /contest/1/user_tests (::1) 22.63ms
2024-03-17 20:13:01,081 - INFO [Admin,0 15 web::log_request] 200 GET /notifications?last_notification=1710706380.805036 (::1) 2.83ms
2024-03-17 20:13:01,553 - INFO [Admin,0 14 web::log_request] 200 GET /contest/1/users (::1) 23.96ms
2024-03-17 20:13:01,819 - INFO [Admin,0 14 web::log_request] 200 GET /notifications?last_notification=1710706381.537377 (::1) 3.23ms
2024-03-17 20:13:04,232 - INFO [Admin,0 18 web::log_request] 200 GET /contest/1/announcements (::1) 20.09ms
2024-03-17 20:13:04,497 - INFO [Admin,0 18 web::log_request] 200 GET /notifications?last_notification=1710706384.21574 (::1) 4.28ms
2024-03-17 20:13:05,006 - INFO [Admin,0 19 web::log_request] 200 GET /contest/1/questions (::1) 26.81ms
2024-03-17 20:13:05,267 - INFO [Admin,0 8 web::log_request] 200 GET /notifications?last_notification=1710706384.983159 (::1) 2.94ms
2024-03-17 20:13:06,324 - INFO [Admin,0 19 web::log_request] 200 GET / (::1) 5.75ms
2024-03-17 20:13:06,717 - INFO [Admin,0 15 web::log_request] 200 GET /notifications?last_notification=1710706386.320544 (::1) 9.65ms
2024-03-17 20:13:09,085 - INFO [Admin,0 19 web::log_request] 200 GET /tasks/add (::1) 7.69ms
2024-03-17 20:13:09,350 - INFO [Admin,0 8 web::log_request] 200 GET /notifications?last_notification=1710706389.079097 (::1) 2.86ms
2024-03-17 20:13:11,339 - INFO [Admin,0 17 web::log_request] 302 POST /tasks/add (::1) 22.85ms
2024-03-17 20:13:11,652 - INFO [Admin,0 14 web::log_request] 200 GET /task/1 (::1) 70.65ms
2024-03-17 20:13:12,048 - INFO [Admin,0 15 web::log_request] 200 GET /notifications?last_notification=1710706391.585246 (::1) 3.13ms
2024-03-17 20:13:12,948 - INFO [Admin,0 14 web::log_request] 200 GET /users/add (::1) 8.47ms
2024-03-17 20:13:13,216 - INFO [Admin,0 18 web::log_request] 200 GET /notifications?last_notification=1710706392.941597 (::1) 2.95ms
2024-03-17 20:13:20,021 - INFO [Admin,0 18 web::log_request] 302 POST /users/add (::1) 266.16ms
2024-03-17 20:13:20,272 - INFO [Admin,0 19 web::log_request] 200 GET /users/add (::1) 6.32ms
2024-03-17 20:13:20,544 - INFO [Admin,0 19 web::log_request] 200 GET /notifications?last_notification=1710706400.267871 (::1) 2.92ms
2024-03-17 20:13:34,002 - INFO [Admin,0 15 web::log_request] 302 POST /users/add (::1) 282.26ms
2024-03-17 20:13:34,268 - INFO [Admin,0 14 web::log_request] 200 GET /user/1 (::1) 23.49ms
2024-03-17 20:13:34,543 - INFO [Admin,0 17 web::log_request] 200 GET /notifications?last_notification=1710706414.24806 (::1) 3.53ms
2024-03-17 20:13:41,839 - INFO [Admin,0 17 web::log_request] 200 GET /users (::1) 9.72ms
2024-03-17 20:13:42,102 - INFO [Admin,0 8 web::log_request] 200 GET /notifications?last_notification=1710706421.831048 (::1) 3.32ms
2024-03-17 20:13:43,497 - INFO [Admin,0 15 web::log_request] 200 GET /contest/1 (::1) 18.54ms
2024-03-17 20:13:43,879 - INFO [Admin,0 14 web::log_request] 200 GET /notifications?last_notification=1710706423.489114 (::1) 2.84ms
2024-03-17 20:13:49,862 - INFO [Admin,0 8 web::log_request] 200 GET /contest/1/users (::1) 11.89ms
2024-03-17 20:13:50,121 - INFO [Admin,0 14 web::log_request] 200 GET /notifications?last_notification=1710706429.853896 (::1) 2.81ms
2024-03-17 20:13:52,699 - INFO [Admin,0 14 web::log_request] 302 POST /contest/1/users/add (::1) 22.25ms
2024-03-17 20:13:52,951 - INFO [Admin,0 18 web::log_request] 200 GET /contest/1/users (::1) 13.10ms
2024-03-17 20:13:53,212 - INFO [Admin,0 8 web::log_request] 200 GET /notifications?last_notification=1710706432.941706 (::1) 3.16ms
2024-03-17 20:13:54,902 - INFO [Admin,0 19 web::log_request] 200 GET /contest/1/user_tests (::1) 17.10ms
2024-03-17 20:13:55,162 - INFO [Admin,0 15 web::log_request] 200 GET /notifications?last_notification=1710706434.892105 (::1) 3.78ms
2024-03-17 20:13:56,553 - INFO [Admin,0 15 web::log_request] 200 GET /contest/1/tasks (::1) 18.33ms
2024-03-17 20:13:56,835 - INFO [Admin,0 8 web::log_request] 200 GET /notifications?last_notification=1710706436.538142 (::1) 3.43ms
2024-03-17 20:13:59,285 - INFO [Admin,0 17 web::log_request] 302 POST /contest/1/tasks/add (::1) 13.84ms
2024-03-17 20:13:59,536 - INFO [Admin,0 19 web::log_request] 200 GET /contest/1/tasks (::1) 12.64ms
2024-03-17 20:13:59,801 - INFO [Admin,0 8 web::log_request] 200 GET /notifications?last_notification=1710706439.526805 (::1) 2.94ms
2024-03-17 20:14:15,553 - INFO [Admin,0 18 web::log_request] 200 GET /notifications?last_notification=1710706439.526805 (::1) 3.04ms
2024-03-17 20:14:30,401 - INFO [Admin,0 15 web::log_request] 200 GET /notifications?last_notification=1710706439.526805 (::1) 3.05ms
2024-03-17 20:14:45,545 - INFO [Admin,0 17 web::log_request] 304 GET /notifications?last_notification=1710706439.526805 (::1) 3.19ms
2024-03-17 20:15:00,427 - INFO [Admin,0 19 web::log_request] 200 GET /notifications?last_notification=1710706439.526805 (::1) 21.38ms
2024-03-17 20:15:15,896 - INFO [Admin,0 17 web::log_request] 304 GET /notifications?last_notification=1710706439.526805 (::1) 10.02ms
2024-03-17 20:15:30,414 - INFO [Admin,0 20 web::log_request] 200 GET /notifications?last_notification=1710706439.526805 (::1) 3.50ms
2024-03-17 20:15:45,885 - INFO [Admin,0 20 web::log_request] 304 GET /notifications?last_notification=1710706439.526805 (::1) 9.84ms
2024-03-17 20:15:56,271 - INFO [Admin,0 1 rpc::initialize] Established connection with localhost:28000 (ResourceService,0) (local address: 127.0.0.1:55082).
2024-03-17 20:16:00,412 - INFO [Admin,0 21 web::log_request] 200 GET /notifications?last_notification=1710706439.526805 (::1) 3.89ms
2024-03-17 20:16:16,204 - INFO [Admin,0 22 web::log_request] 304 GET /notifications?last_notification=1710706439.526805 (::1) 3.19ms
2024-03-17 20:16:23,774 - INFO [Admin,0 1 rpc::finalize] Terminated connection with localhost:28000 (ResourceService,0) (local address: 127.0.0.1:55082): Connection closed.
2024-03-17 20:16:34,313 - INFO [Admin,0 1 rpc::initialize] Established connection with localhost:28000 (ResourceService,0) (local address: 127.0.0.1:39314).
2024-03-17 20:16:35,515 - INFO [Admin,0 23 web::log_request] 200 GET /notifications?last_notification=1710706439.526805 (::1) 12.08ms
2024-03-17 20:16:52,092 - INFO [Admin,0 24 web::log_request] 304 GET /notifications?last_notification=1710706439.526805 (::1) 3.81ms
2024-03-17 20:17:00,744 - INFO [Admin,0 24 web::log_request] 200 GET /notifications?last_notification=1710706439.526805 (::1) 10.06ms
2024-03-17 20:17:15,721 - INFO [Admin,0 22 web::log_request] 304 GET /notifications?last_notification=1710706439.526805 (::1) 2.82ms
2024-03-17 20:17:31,198 - INFO [Admin,0 24 web::log_request] 304 GET /notifications?last_notification=1710706439.526805 (::1) 2.98ms
2024-03-17 20:17:39,603 - INFO [Admin,0 1 rpc::finalize] Terminated connection with localhost:28000 (ResourceService,0) (local address: 127.0.0.1:39314): Connection closed.
2024-03-17 20:17:45,732 - INFO [Admin,0 23 web::log_request] 200 GET /notifications?last_notification=1710706439.526805 (::1) 3.03ms
2024-03-17 20:18:00,901 - INFO [Admin,0 25 web::log_request] 304 GET /notifications?last_notification=1710706439.526805 (::1) 3.48ms
2024-03-17 20:18:15,768 - INFO [Admin,0 24 web::log_request] 200 GET /notifications?last_notification=1710706439.526805 (::1) 18.46ms
2024-03-17 20:18:35,620 - INFO [Admin,0 26 web::log_request] 304 GET /notifications?last_notification=1710706439.526805 (::1) 10.45ms
2024-03-17 20:18:40,828 - INFO [Admin,0 1 rpc::initialize] Established connection with localhost:28000 (ResourceService,0) (local address: 127.0.0.1:34902).
2024-03-17 20:18:48,001 - INFO [Admin,0 1 rpc::finalize] Terminated connection with localhost:28000 (ResourceService,0) (local address: 127.0.0.1:34902): Connection closed.
2024-03-17 20:19:36,376 - INFO [Admin,0 27 web::log_request] 200 GET /notifications?last_notification=1710706439.526805 (::1) 10.69ms
2024-03-17 20:20:12,089 - INFO [Admin,0 28 web::log_request] 200 GET /notifications?last_notification=1710706439.526805 (::1) 13.11ms
2024-03-17 20:20:15,812 - INFO [Admin,0 29 web::log_request] 200 GET /notifications?last_notification=1710706439.526805 (::1) 10.51ms
2024-03-17 20:20:22,801 - INFO [Admin,0 1 rpc::initialize] Established connection with localhost:28000 (ResourceService,0) (local address: 127.0.0.1:53660).
2024-03-17 20:20:30,666 - INFO [Admin,0 30 web::log_request] 304 GET /notifications?last_notification=1710706439.526805 (::1) 5.06ms
2024-03-17 20:20:36,385 - INFO [Admin,0 31 rpc::initialize] Established connection with 127.0.0.1:39490 (local address: 127.0.0.1:21100).
2024-03-17 20:20:37,900 - INFO [Admin,0 3 rpc::initialize] Established connection with localhost:28500 (ScoringService,0) (local address: 127.0.0.1:49852).
2024-03-17 20:20:37,902 - INFO [Admin,0 4 rpc::initialize] Established connection with localhost:25000 (EvaluationService,0) (local address: 127.0.0.1:39744).
2024-03-17 20:20:39,909 - INFO [Admin,0 2 rpc::initialize] Established connection with localhost:28600 (ProxyService,0) (local address: 127.0.0.1:52742).
2024-03-17 20:20:46,260 - INFO [Admin,0 32 web::log_request] 304 GET /notifications?last_notification=1710706439.526805 (::1) 4.51ms
2024-03-17 20:21:00,407 - INFO [Admin,0 30 web::log_request] 200 GET /notifications?last_notification=1710706439.526805 (::1) 2.86ms
2024-03-17 20:21:10,395 - INFO [Admin,0 33 rpc::initialize] Established connection with 127.0.0.1:55280 (local address: 127.0.0.1:21100).
2024-03-17 20:21:10,400 - INFO [Admin,0 34 rpc::finalize] Terminated connection with 127.0.0.1:55280 (local address: 127.0.0.1:21100): Bad request received
2024-03-17 20:21:10,400 - WARNING [Admin,0 34 rpc::process_data] Cannot parse incoming message, discarding.
2024-03-17 20:21:10,401 - WARNING [Admin,0 35 rpc::process_data] Cannot parse incoming message, discarding.
2024-03-17 20:21:10,402 - WARNING [Admin,0 36 rpc::process_data] Cannot parse incoming message, discarding.
2024-03-17 20:21:10,403 - WARNING [Admin,0 37 rpc::process_data] Cannot parse incoming message, discarding.
2024-03-17 20:21:10,403 - WARNING [Admin,0 38 rpc::process_data] Cannot parse incoming message, discarding.
2024-03-17 20:21:10,404 - WARNING [Admin,0 39 rpc::process_data] Cannot parse incoming message, discarding.
2024-03-17 20:21:10,404 - WARNING [Admin,0 40 rpc::process_data] Cannot parse incoming message, discarding.
2024-03-17 20:21:10,404 - WARNING [Admin,0 41 rpc::process_data] Cannot parse incoming message, discarding.
2024-03-17 20:21:10,405 - WARNING [Admin,0 42 rpc::process_data] Cannot parse incoming message, discarding.
2024-03-17 20:21:10,405 - WARNING [Admin,0 43 rpc::process_data] Cannot parse incoming message, discarding.
2024-03-17 20:21:10,405 - WARNING [Admin,0 44 rpc::process_data] Cannot parse incoming message, discarding.
2024-03-17 20:21:10,405 - WARNING [Admin,0 45 rpc::process_data] Cannot parse incoming message, discarding.
2024-03-17 20:21:10,406 - WARNING [Admin,0 46 rpc::process_data] Cannot parse incoming message, discarding.
2024-03-17 20:21:10,406 - WARNING [Admin,0 47 rpc::process_data] Cannot parse incoming message, discarding.
2024-03-17 20:21:10,406 - WARNING [Admin,0 48 rpc::process_data] Cannot parse incoming message, discarding.
2024-03-17 20:21:10,406 - WARNING [Admin,0 49 rpc::process_data] Cannot parse incoming message, discarding.
2024-03-17 20:21:10,407 - WARNING [Admin,0 50 rpc::process_data] Cannot parse incoming message, discarding.
2024-03-17 20:21:10,407 - WARNING [Admin,0 51 rpc::process_data] Cannot parse incoming message, discarding.
2024-03-17 20:21:10,407 - WARNING [Admin,0 52 rpc::process_data] Cannot parse incoming message, discarding.
2024-03-17 20:21:10,407 - WARNING [Admin,0 53 rpc::process_data] Cannot parse incoming message, discarding.
2024-03-17 20:21:10,408 - WARNING [Admin,0 54 rpc::process_data] Cannot parse incoming message, discarding.
2024-03-17 20:21:10,408 - WARNING [Admin,0 55 rpc::process_data] Cannot parse incoming message, discarding.
2024-03-17 20:21:10,408 - WARNING [Admin,0 56 rpc::process_data] Cannot parse incoming message, discarding.
2024-03-17 20:21:10,408 - WARNING [Admin,0 57 rpc::process_data] Cannot parse incoming message, discarding.
2024-03-17 20:21:10,409 - WARNING [Admin,0 58 rpc::process_data] Cannot parse incoming message, discarding.
2024-03-17 20:21:10,409 - WARNING [Admin,0 59 rpc::process_data] Cannot parse incoming message, discarding.
2024-03-17 20:21:10,412 - INFO [Admin,0 60 rpc::initialize] Established connection with 127.0.0.1:55288 (local address: 127.0.0.1:21100).
2024-03-17 20:21:10,417 - INFO [Admin,0 61 rpc::finalize] Terminated connection with 127.0.0.1:55288 (local address: 127.0.0.1:21100): Bad request received
2024-03-17 20:21:10,418 - WARNING [Admin,0 61 rpc::process_data] Cannot parse incoming message, discarding.
2024-03-17 20:21:10,419 - WARNING [Admin,0 62 rpc::process_data] Cannot parse incoming message, discarding.
2024-03-17 20:21:10,419 - WARNING [Admin,0 63 rpc::process_data] Cannot parse incoming message, discarding.
2024-03-17 20:21:10,420 - WARNING [Admin,0 64 rpc::process_data] Cannot parse incoming message, discarding.
2024-03-17 20:21:10,421 - WARNING [Admin,0 65 rpc::process_data] Cannot parse incoming message, discarding.
2024-03-17 20:21:10,421 - WARNING [Admin,0 66 rpc::process_data] Cannot parse incoming message, discarding.
2024-03-17 20:21:10,422 - WARNING [Admin,0 67 rpc::process_data] Cannot parse incoming message, discarding.
2024-03-17 20:21:10,422 - WARNING [Admin,0 68 rpc::process_data] Cannot parse incoming message, discarding.
2024-03-17 20:21:10,422 - WARNING [Admin,0 69 rpc::process_data] Cannot parse incoming message, discarding.
2024-03-17 20:21:10,423 - WARNING [Admin,0 70 rpc::process_data] Cannot parse incoming message, discarding.
2024-03-17 20:21:10,423 - WARNING [Admin,0 71 rpc::process_data] Cannot parse incoming message, discarding.
2024-03-17 20:21:10,423 - WARNING [Admin,0 72 rpc::process_data] Cannot parse incoming message, discarding.
2024-03-17 20:21:10,423 - WARNING [Admin,0 73 rpc::process_data] Cannot parse incoming message, discarding.
2024-03-17 20:21:10,424 - WARNING [Admin,0 74 rpc::process_data] Cannot parse incoming message, discarding.
2024-03-17 20:21:10,424 - WARNING [Admin,0 75 rpc::process_data] Cannot parse incoming message, discarding.
2024-03-17 20:21:10,424 - WARNING [Admin,0 76 rpc::process_data] Cannot parse incoming message, discarding.
2024-03-17 20:21:10,424 - WARNING [Admin,0 77 rpc::process_data] Cannot parse incoming message, discarding.
2024-03-17 20:21:10,425 - WARNING [Admin,0 78 rpc::process_data] Cannot parse incoming message, discarding.
2024-03-17 20:21:10,425 - WARNING [Admin,0 79 rpc::process_data] Cannot parse incoming message, discarding.
2024-03-17 20:21:10,425 - WARNING [Admin,0 80 rpc::process_data] Cannot parse incoming message, discarding.
2024-03-17 20:21:10,425 - WARNING [Admin,0 81 rpc::process_data] Cannot parse incoming message, discarding.
2024-03-17 20:21:10,426 - WARNING [Admin,0 82 rpc::process_data] Cannot parse incoming message, discarding.
2024-03-17 20:21:10,426 - WARNING [Admin,0 83 rpc::process_data] Cannot parse incoming message, discarding.
2024-03-17 20:21:10,426 - WARNING [Admin,0 84 rpc::process_data] Cannot parse incoming message, discarding.
2024-03-17 20:21:10,427 - WARNING [Admin,0 85 rpc::process_data] Cannot parse incoming message, discarding.
2024-03-17 20:21:10,427 - WARNING [Admin,0 86 rpc::process_data] Cannot parse incoming message, discarding.
2024-03-17 20:21:10,430 - INFO [Admin,0 87 rpc::initialize] Established connection with 127.0.0.1:55290 (local address: 127.0.0.1:21100).
2024-03-17 20:21:10,435 - INFO [Admin,0 88 rpc::finalize] Terminated connection with 127.0.0.1:55290 (local address: 127.0.0.1:21100): Bad request received
2024-03-17 20:21:10,436 - WARNING [Admin,0 88 rpc::process_data] Cannot parse incoming message, discarding.
2024-03-17 20:21:10,437 - WARNING [Admin,0 89 rpc::process_data] Cannot parse incoming message, discarding.
2024-03-17 20:21:10,437 - WARNING [Admin,0 90 rpc::process_data] Cannot parse incoming message, discarding.
2024-03-17 20:21:10,438 - WARNING [Admin,0 91 rpc::process_data] Cannot parse incoming message, discarding.
2024-03-17 20:21:10,438 - WARNING [Admin,0 92 rpc::process_data] Cannot parse incoming message, discarding.
2024-03-17 20:21:10,439 - WARNING [Admin,0 93 rpc::process_data] Cannot parse incoming message, discarding.
2024-03-17 20:21:10,439 - WARNING [Admin,0 94 rpc::process_data] Cannot parse incoming message, discarding.
2024-03-17 20:21:10,440 - WARNING [Admin,0 95 rpc::process_data] Cannot parse incoming message, discarding.
2024-03-17 20:21:10,440 - WARNING [Admin,0 96 rpc::process_data] Cannot parse incoming message, discarding.
2024-03-17 20:21:10,440 - WARNING [Admin,0 97 rpc::process_data] Cannot parse incoming message, discarding.
2024-03-17 20:21:10,440 - WARNING [Admin,0 98 rpc::process_data] Cannot parse incoming message, discarding.
2024-03-17 20:21:10,441 - WARNING [Admin,0 99 rpc::process_data] Cannot parse incoming message, discarding.
2024-03-17 20:21:10,442 - WARNING [Admin,0 100 rpc::process_data] Cannot parse incoming message, discarding.
2024-03-17 20:21:10,443 - WARNING [Admin,0 101 rpc::process_data] Cannot parse incoming message, discarding.
2024-03-17 20:21:10,443 - WARNING [Admin,0 102 rpc::process_data] Cannot parse incoming message, discarding.
2024-03-17 20:21:10,444 - WARNING [Admin,0 103 rpc::process_data] Cannot parse incoming message, discarding.
2024-03-17 20:21:10,444 - WARNING [Admin,0 104 rpc::process_data] Cannot parse incoming message, discarding.
2024-03-17 20:21:10,445 - WARNING [Admin,0 105 rpc::process_data] Cannot parse incoming message, discarding.
2024-03-17 20:21:10,446 - WARNING [Admin,0 106 rpc::process_data] Cannot parse incoming message, discarding.
2024-03-17 20:21:10,446 - WARNING [Admin,0 107 rpc::process_data] Cannot parse incoming message, discarding.
2024-03-17 20:21:10,447 - WARNING [Admin,0 108 rpc::process_data] Cannot parse incoming message, discarding.
2024-03-17 20:21:10,447 - WARNING [Admin,0 109 rpc::process_data] Cannot parse incoming message, discarding.
2024-03-17 20:21:10,447 - WARNING [Admin,0 110 rpc::process_data] Cannot parse incoming message, discarding.
2024-03-17 20:21:10,448 - WARNING [Admin,0 111 rpc::process_data] Cannot parse incoming message, discarding.
2024-03-17 20:21:10,448 - WARNING [Admin,0 112 rpc::process_data] Cannot parse incoming message, discarding.
2024-03-17 20:21:10,449 - WARNING [Admin,0 113 rpc::process_data] Cannot parse incoming message, discarding.
2024-03-17 20:21:10,449 - INFO [Admin,0 114 rpc::initialize] Established connection with 127.0.0.1:55296 (local address: 127.0.0.1:21100).
2024-03-17 20:21:10,450 - INFO [Admin,0 115 rpc::finalize] Terminated connection with 127.0.0.1:55296 (local address: 127.0.0.1:21100): Bad request received
2024-03-17 20:21:10,451 - WARNING [Admin,0 115 rpc::process_data] Cannot parse incoming message, discarding.
2024-03-17 20:21:10,451 - WARNING [Admin,0 116 rpc::process_data] Cannot parse incoming message, discarding.
2024-03-17 20:21:10,452 - WARNING [Admin,0 117 rpc::process_data] Cannot parse incoming message, discarding.
2024-03-17 20:21:10,452 - WARNING [Admin,0 118 rpc::process_data] Cannot parse incoming message, discarding.
2024-03-17 20:21:10,453 - WARNING [Admin,0 119 rpc::process_data] Cannot parse incoming message, discarding.
2024-03-17 20:21:10,453 - WARNING [Admin,0 120 rpc::process_data] Cannot parse incoming message, discarding.
2024-03-17 20:21:10,454 - WARNING [Admin,0 121 rpc::process_data] Cannot parse incoming message, discarding.
2024-03-17 20:21:10,454 - WARNING [Admin,0 122 rpc::process_data] Cannot parse incoming message, discarding.
2024-03-17 20:21:10,454 - WARNING [Admin,0 123 rpc::process_data] Cannot parse incoming message, discarding.
2024-03-17 20:21:10,455 - WARNING [Admin,0 124 rpc::process_data] Cannot parse incoming message, discarding.
2024-03-17 20:21:10,455 - WARNING [Admin,0 125 rpc::process_data] Cannot parse incoming message, discarding.
2024-03-17 20:21:10,455 - WARNING [Admin,0 126 rpc::process_data] Cannot parse incoming message, discarding.
2024-03-17 20:21:10,456 - WARNING [Admin,0 127 rpc::process_data] Cannot parse incoming message, discarding.
2024-03-17 20:21:10,456 - WARNING [Admin,0 128 rpc::process_data] Cannot parse incoming message, discarding.
2024-03-17 20:21:10,457 - WARNING [Admin,0 129 rpc::process_data] Cannot parse incoming message, discarding.
2024-03-17 20:21:10,457 - WARNING [Admin,0 130 rpc::process_data] Cannot parse incoming message, discarding.
2024-03-17 20:21:10,458 - WARNING [Admin,0 131 rpc::process_data] Cannot parse incoming message, discarding.
2024-03-17 20:21:10,458 - WARNING [Admin,0 132 rpc::process_data] Cannot parse incoming message, discarding.
2024-03-17 20:21:10,459 - WARNING [Admin,0 133 rpc::process_data] Cannot parse incoming message, discarding.
2024-03-17 20:21:10,459 - WARNING [Admin,0 134 rpc::process_data] Cannot parse incoming message, discarding.
2024-03-17 20:21:10,460 - WARNING [Admin,0 135 rpc::process_data] Cannot parse incoming message, discarding.
2024-03-17 20:21:10,460 - WARNING [Admin,0 136 rpc::process_data] Cannot parse incoming message, discarding.
2024-03-17 20:21:10,461 - WARNING [Admin,0 137 rpc::process_data] Cannot parse incoming message, discarding.
2024-03-17 20:21:10,461 - WARNING [Admin,0 138 rpc::process_data] Cannot parse incoming message, discarding.
2024-03-17 20:21:10,462 - WARNING [Admin,0 139 rpc::process_data] Cannot parse incoming message, discarding.
2024-03-17 20:21:10,462 - WARNING [Admin,0 140 rpc::process_data] Cannot parse incoming message, discarding.
2024-03-17 20:21:24,643 - INFO [Admin,0 141 web::log_request] 200 GET / (::1) 11.00ms
2024-03-17 20:21:25,426 - INFO [Admin,0 29 web::log_request] 200 GET /notifications?last_notification=1710706884.634751 (::1) 3.47ms
2024-03-17 20:21:35,410 - INFO [Admin,0 32 web::log_request] 304 GET /notifications?last_notification=1710706439.526805 (::1) 2.96ms
2024-03-17 20:21:40,426 - INFO [Admin,0 142 web::log_request] 304 GET /notifications?last_notification=1710706884.634751 (::1) 5.97ms
2024-03-17 20:21:55,400 - INFO [Admin,0 29 web::log_request] 304 GET /notifications?last_notification=1710706884.634751 (::1) 6.96ms
2024-03-17 20:22:10,413 - INFO [Admin,0 143 web::log_request] 200 GET /notifications?last_notification=1710706884.634751 (::1) 5.64ms
2024-03-17 20:22:25,394 - INFO [Admin,0 144 web::log_request] 304 GET /notifications?last_notification=1710706884.634751 (::1) 3.52ms
2024-03-17 20:22:35,402 - INFO [Admin,0 144 web::log_request] 304 GET /notifications?last_notification=1710706439.526805 (::1) 7.69ms
2024-03-17 20:23:12,080 - INFO [Admin,0 145 web::log_request] 200 GET /notifications?last_notification=1710706884.634751 (::1) 3.23ms
2024-03-17 20:23:16,234 - INFO [Admin,0 143 web::log_request] 304 GET /notifications?last_notification=1710706439.526805 (::1) 2.92ms
2024-03-17 20:23:25,412 - INFO [Admin,0 146 web::log_request] 200 GET /notifications?last_notification=1710706884.634751 (::1) 17.98ms
2024-03-17 20:23:40,396 - INFO [Admin,0 147 web::log_request] 304 GET /notifications?last_notification=1710706884.634751 (::1) 9.50ms
2024-03-17 20:23:55,407 - INFO [Admin,0 143 web::log_request] 304 GET /notifications?last_notification=1710706884.634751 (::1) 7.63ms
2024-03-17 20:24:10,413 - INFO [Admin,0 148 web::log_request] 304 GET /notifications?last_notification=1710706884.634751 (::1) 3.16ms
2024-03-17 20:24:35,846 - INFO [Admin,0 149 web::log_request] 304 GET /notifications?last_notification=1710706884.634751 (::1) 4.01ms
2024-03-17 20:24:40,971 - INFO [Admin,0 31 rpc::finalize] Terminated connection with 127.0.0.1:39490 (local address: 127.0.0.1:21100): Connection closed.
2024-03-17 20:24:42,873 - INFO [Admin,0 1 rpc::finalize] Terminated connection with localhost:28000 (ResourceService,0) (local address: 127.0.0.1:53660): Connection closed.
2024-03-17 20:24:43,297 - INFO [Admin,0 3 rpc::finalize] Terminated connection with localhost:28500 (ScoringService,0) (local address: 127.0.0.1:49852): Connection closed.
2024-03-17 20:24:43,571 - INFO [Admin,0 4 rpc::finalize] Terminated connection with localhost:25000 (EvaluationService,0) (local address: 127.0.0.1:39744): Connection closed.
2024-03-17 20:24:43,586 - INFO [Admin,0 2 rpc::finalize] Terminated connection with localhost:28600 (ProxyService,0) (local address: 127.0.0.1:52742): Connection closed.
2024-03-17 20:24:47,389 - INFO [Admin,0 1 rpc::initialize] Established connection with localhost:28000 (ResourceService,0) (local address: 127.0.0.1:43526).
2024-03-17 20:24:54,289 - INFO [Admin,0 150 web::log_request] 200 GET /notifications?last_notification=1710706884.634751 (::1) 170.09ms
2024-03-17 20:24:55,184 - INFO [Admin,0 151 web::log_request] 304 GET /notifications?last_notification=1710706884.634751 (::1) 92.42ms
2024-03-17 20:24:56,466 - INFO [Admin,0 152 web::log_request] 200 GET / (::1) 116.75ms
2024-03-17 20:24:56,996 - INFO [Admin,0 143 web::log_request] 200 GET /notifications?last_notification=1710707096.358156 (::1) 93.18ms
2024-03-17 20:24:59,897 - INFO [Admin,0 153 web::log_request] 200 GET / (::1) 65.51ms
2024-03-17 20:25:00,401 - INFO [Admin,0 149 web::log_request] 200 GET /notifications?last_notification=1710707099.834515 (::1) 104.75ms
2024-03-17 20:25:01,316 - INFO [Admin,0 154 rpc::initialize] Established connection with 127.0.0.1:53082 (local address: 127.0.0.1:21100).
2024-03-17 20:25:02,217 - INFO [Admin,0 4 rpc::initialize] Established connection with localhost:25000 (EvaluationService,0) (local address: 127.0.0.1:52372).
2024-03-17 20:25:02,435 - INFO [Admin,0 3 rpc::initialize] Established connection with localhost:28500 (ScoringService,0) (local address: 127.0.0.1:36622).
2024-03-17 20:25:04,225 - INFO [Admin,0 2 rpc::initialize] Established connection with localhost:28600 (ProxyService,0) (local address: 127.0.0.1:54200).
2024-03-17 20:25:15,402 - INFO [Admin,0 153 web::log_request] 304 GET /notifications?last_notification=1710707099.834515 (::1) 6.10ms
2024-03-17 20:25:30,252 - INFO [Admin,0 154 rpc::finalize] Terminated connection with 127.0.0.1:53082 (local address: 127.0.0.1:21100): Connection closed.
2024-03-17 20:25:30,459 - INFO [Admin,0 151 web::log_request] 304 GET /notifications?last_notification=1710707099.834515 (::1) 66.48ms
2024-03-17 20:25:32,089 - INFO [Admin,0 1 rpc::finalize] Terminated connection with localhost:28000 (ResourceService,0) (local address: 127.0.0.1:43526): Connection closed.
2024-03-17 20:25:32,517 - INFO [Admin,0 3 rpc::finalize] Terminated connection with localhost:28500 (ScoringService,0) (local address: 127.0.0.1:36622): Connection closed.
2024-03-17 20:25:32,665 - WARNING [Admin,0 4 rpc::_read] Failed reading from socket: [Errno 104] Connection reset by peer.
2024-03-17 20:25:32,666 - INFO [Admin,0 4 rpc::finalize] Terminated connection with localhost:25000 (EvaluationService,0) (local address: 127.0.0.1:52372): Read failed.
2024-03-17 20:25:32,786 - INFO [Admin,0 2 rpc::finalize] Terminated connection with localhost:28600 (ProxyService,0) (local address: 127.0.0.1:54200): Connection closed.
2024-03-17 20:25:45,411 - INFO [Admin,0 150 web::log_request] 304 GET /notifications?last_notification=1710707099.834515 (::1) 9.16ms
2024-03-17 20:25:45,878 - WARNING [Admin,0 155 service::exit] AdminWebServer,0 received request to shut down.
2024-03-17 20:25:45,879 - INFO [Admin,0 Main service::run] AdminWebServer 0 is shutting down
2024-03-17 20:25:45,880 - INFO [Admin,0 Main rpc::finalize] Terminated connection with localhost:21100 (AdminWebServer,0) (local address: 127.0.0.1:47406): Disconnection requested.
